# JRE version: OpenJDK Runtime Environment (7.0_75-b13) (build 1.7.0_75-b13)
# Java VM: OpenJDK 64-Bit Server VM (24.75-b04 mixed mode linux-amd64 compressed oops)
Heap
 PSYoungGen      total 448000K, used 81132K [0x00000007d7000000, 0x0000000800000000, 0x0000000800000000)
  eden space 224256K, 0% used [0x00000007d7000000,0x00000007d7000000,0x00000007e4b00000)
  from space 223744K, 36% used [0x00000007f2580000,0x00000007f74bb370,0x0000000800000000)
  to   space 223744K, 0% used [0x00000007e4b00000,0x00000007e4b00000,0x00000007f2580000)
 ParOldGen       total 1039872K, used 1039238K [0x0000000785000000, 0x00000007c4780000, 0x00000007d7000000)
  object space 1039872K, 99% used [0x0000000785000000,0x00000007c46e1830,0x00000007c4780000)
 PSPermGen       total 21504K, used 2834K [0x000000077aa00000, 0x000000077bf00000, 0x0000000785000000)
  object space 21504K, 13% used [0x000000077aa00000,0x000000077acc49c8,0x000000077bf00000)
GC Heap History (10 events):
Event: 12.651 GC heap after
Heap after GC invocations=21 (full 6):
 PSYoungGen      total 448000K, used 180642K [0x00000007d7000000, 0x0000000800000000, 0x0000000800000000)
  eden space 224256K, 0% used [0x00000007d7000000,0x00000007d7000000,0x00000007e4b00000)
  from space 223744K, 80% used [0x00000007e4b00000,0x00000007efb688a0,0x00000007f2580000)
  to   space 223744K, 0% used [0x00000007f2580000,0x00000007f2580000,0x0000000800000000)
 ParOldGen       total 610304K, used 399400K [0x0000000785000000, 0x00000007aa400000, 0x00000007d7000000)
  object space 610304K, 65% used [0x0000000785000000,0x000000079d60a050,0x00000007aa400000)
 PSPermGen       total 21504K, used 2834K [0x000000077aa00000, 0x000000077bf00000, 0x0000000785000000)
  object space 21504K, 13% used [0x000000077aa00000,0x000000077acc49c8,0x000000077bf00000)
}
Event: 12.651 GC heap before
{Heap before GC invocations=22 (full 7):
 PSYoungGen      total 448000K, used 180642K [0x00000007d7000000, 0x0000000800000000, 0x0000000800000000)
  eden space 224256K, 0% used [0x00000007d7000000,0x00000007d7000000,0x00000007e4b00000)
  from space 223744K, 80% used [0x00000007e4b00000,0x00000007efb688a0,0x00000007f2580000)
  to   space 223744K, 0% used [0x00000007f2580000,0x00000007f2580000,0x0000000800000000)
 ParOldGen       total 610304K, used 399400K [0x0000000785000000, 0x00000007aa400000, 0x00000007d7000000)
  object space 610304K, 65% used [0x0000000785000000,0x000000079d60a050,0x00000007aa400000)
 PSPermGen       total 21504K, used 2834K [0x000000077aa00000, 0x000000077bf00000, 0x0000000785000000)
  object space 21504K, 13% used [0x000000077aa00000,0x000000077acc49c8,0x000000077bf00000)
Event: 15.890 GC heap after
Heap after GC invocations=22 (full 7):
 PSYoungGen      total 448000K, used 0K [0x00000007d7000000, 0x0000000800000000, 0x0000000800000000)
  eden space 224256K, 0% used [0x00000007d7000000,0x00000007d7000000,0x00000007e4b00000)
  from space 223744K, 0% used [0x00000007e4b00000,0x00000007e4b00000,0x00000007f2580000)
  to   space 223744K, 0% used [0x00000007f2580000,0x00000007f2580000,0x0000000800000000)
 ParOldGen       total 1039872K, used 579218K [0x0000000785000000, 0x00000007c4780000, 0x00000007d7000000)
  object space 1039872K, 55% used [0x0000000785000000,0x00000007a85a4950,0x00000007c4780000)
 PSPermGen       total 21504K, used 2834K [0x000000077aa00000, 0x000000077bf00000, 0x0000000785000000)
  object space 21504K, 13% used [0x000000077aa00000,0x000000077acc49c8,0x000000077bf00000)
}
Event: 16.216 GC heap before
{Heap before GC invocations=23 (full 7):
 PSYoungGen      total 448000K, used 224256K [0x00000007d7000000, 0x0000000800000000, 0x0000000800000000)
  eden space 224256K, 100% used [0x00000007d7000000,0x00000007e4b00000,0x00000007e4b00000)
  from space 223744K, 0% used [0x00000007e4b00000,0x00000007e4b00000,0x00000007f2580000)
  to   space 223744K, 0% used [0x00000007f2580000,0x00000007f2580000,0x0000000800000000)
 ParOldGen       total 1039872K, used 579218K [0x0000000785000000, 0x00000007c4780000, 0x00000007d7000000)
  object space 1039872K, 55% used [0x0000000785000000,0x00000007a85a4950,0x00000007c4780000)
 PSPermGen       total 21504K, used 2834K [0x000000077aa00000, 0x000000077bf00000, 0x0000000785000000)
  object space 21504K, 13% used [0x000000077aa00000,0x000000077acc49c8,0x000000077bf00000)
Event: 16.351 GC heap after
Heap after GC invocations=23 (full 7):
 PSYoungGen      total 448000K, used 180754K [0x00000007d7000000, 0x0000000800000000, 0x0000000800000000)
  eden space 224256K, 0% used [0x00000007d7000000,0x00000007d7000000,0x00000007e4b00000)
  from space 223744K, 80% used [0x00000007f2580000,0x00000007fd6048a0,0x0000000800000000)
  to   space 223744K, 0% used [0x00000007e4b00000,0x00000007e4b00000,0x00000007f2580000)
 ParOldGen       total 1039872K, used 579218K [0x0000000785000000, 0x00000007c4780000, 0x00000007d7000000)
  object space 1039872K, 55% used [0x0000000785000000,0x00000007a85a4950,0x00000007c4780000)
 PSPermGen       total 21504K, used 2834K [0x000000077aa00000, 0x000000077bf00000, 0x0000000785000000)
  object space 21504K, 13% used [0x000000077aa00000,0x000000077acc49c8,0x000000077bf00000)
}
Event: 16.674 GC heap before
{Heap before GC invocations=24 (full 7):
 PSYoungGen      total 448000K, used 405010K [0x00000007d7000000, 0x0000000800000000, 0x0000000800000000)
  eden space 224256K, 100% used [0x00000007d7000000,0x00000007e4b00000,0x00000007e4b00000)
  from space 223744K, 80% used [0x00000007f2580000,0x00000007fd6048a0,0x0000000800000000)
  to   space 223744K, 0% used [0x00000007e4b00000,0x00000007e4b00000,0x00000007f2580000)
 ParOldGen       total 1039872K, used 579218K [0x0000000785000000, 0x00000007c4780000, 0x00000007d7000000)
  object space 1039872K, 55% used [0x0000000785000000,0x00000007a85a4950,0x00000007c4780000)
 PSPermGen       total 21504K, used 2834K [0x000000077aa00000, 0x000000077bf00000, 0x0000000785000000)
  object space 21504K, 13% used [0x000000077aa00000,0x000000077acc49c8,0x000000077bf00000)
Event: 16.919 GC heap after
Heap after GC invocations=24 (full 7):
 PSYoungGen      total 448000K, used 180642K [0x00000007d7000000, 0x0000000800000000, 0x0000000800000000)
  eden space 224256K, 0% used [0x00000007d7000000,0x00000007d7000000,0x00000007e4b00000)
  from space 223744K, 80% used [0x00000007e4b00000,0x00000007efb68890,0x00000007f2580000)
  to   space 223744K, 0% used [0x00000007f2580000,0x00000007f2580000,0x0000000800000000)
 ParOldGen       total 1039872K, used 759980K [0x0000000785000000, 0x00000007c4780000, 0x00000007d7000000)
  object space 1039872K, 73% used [0x0000000785000000,0x00000007b362b1e0,0x00000007c4780000)
 PSPermGen       total 21504K, used 2834K [0x000000077aa00000, 0x000000077bf00000, 0x0000000785000000)
  object space 21504K, 13% used [0x000000077aa00000,0x000000077acc49c8,0x000000077bf00000)
}
Event: 17.239 GC heap before
{Heap before GC invocations=25 (full 7):
 PSYoungGen      total 448000K, used 404898K [0x00000007d7000000, 0x0000000800000000, 0x0000000800000000)
  eden space 224256K, 100% used [0x00000007d7000000,0x00000007e4b00000,0x00000007e4b00000)
  from space 223744K, 80% used [0x00000007e4b00000,0x00000007efb68890,0x00000007f2580000)
  to   space 223744K, 0% used [0x00000007f2580000,0x00000007f2580000,0x0000000800000000)
 ParOldGen       total 1039872K, used 759980K [0x0000000785000000, 0x00000007c4780000, 0x00000007d7000000)
  object space 1039872K, 73% used [0x0000000785000000,0x00000007b362b1e0,0x00000007c4780000)
 PSPermGen       total 21504K, used 2834K [0x000000077aa00000, 0x000000077bf00000, 0x0000000785000000)
  object space 21504K, 13% used [0x000000077aa00000,0x000000077acc49c8,0x000000077bf00000)
Event: 17.522 GC heap after
Heap after GC invocations=25 (full 7):
 PSYoungGen      total 448000K, used 180610K [0x00000007d7000000, 0x0000000800000000, 0x0000000800000000)
  eden space 224256K, 0% used [0x00000007d7000000,0x00000007d7000000,0x00000007e4b00000)
  from space 223744K, 80% used [0x00000007f2580000,0x00000007fd5e0890,0x0000000800000000)
  to   space 223744K, 0% used [0x00000007e4b00000,0x00000007e4b00000,0x00000007f2580000)
 ParOldGen       total 1039872K, used 940734K [0x0000000785000000, 0x00000007c4780000, 0x00000007d7000000)
  object space 1039872K, 90% used [0x0000000785000000,0x00000007be6afa70,0x00000007c4780000)
 PSPermGen       total 21504K, used 2834K [0x000000077aa00000, 0x000000077bf00000, 0x0000000785000000)
  object space 21504K, 13% used [0x000000077aa00000,0x000000077acc49c8,0x000000077bf00000)
}
Event: 17.522 GC heap before
{Heap before GC invocations=26 (full 8):
 PSYoungGen      total 448000K, used 180610K [0x00000007d7000000, 0x0000000800000000, 0x0000000800000000)
  eden space 224256K, 0% used [0x00000007d7000000,0x00000007d7000000,0x00000007e4b00000)
  from space 223744K, 80% used [0x00000007f2580000,0x00000007fd5e0890,0x0000000800000000)
  to   space 223744K, 0% used [0x00000007e4b00000,0x00000007e4b00000,0x00000007f2580000)
 ParOldGen       total 1039872K, used 940734K [0x0000000785000000, 0x00000007c4780000, 0x00000007d7000000)
  object space 1039872K, 90% used [0x0000000785000000,0x00000007be6afa70,0x00000007c4780000)
 PSPermGen       total 21504K, used 2834K [0x000000077aa00000, 0x000000077bf00000, 0x0000000785000000)
  object space 21504K, 13% used [0x000000077aa00000,0x000000077acc49c8,0x000000077bf00000)

