# JRE version: OpenJDK Runtime Environment (7.0_75-b13) (build 1.7.0_75-b13)
# Java VM: OpenJDK 64-Bit Server VM (24.75-b04 mixed mode linux-amd64 compressed oops)
Heap
 PSYoungGen      total 448000K, used 60453K [0x00000007d7000000, 0x0000000800000000, 0x0000000800000000)
  eden space 224256K, 0% used [0x00000007d7000000,0x00000007d7000000,0x00000007e4b00000)
  from space 223744K, 27% used [0x00000007f2580000,0x00000007f6089468,0x0000000800000000)
  to   space 223744K, 0% used [0x00000007e4b00000,0x00000007e4b00000,0x00000007f2580000)
 ParOldGen       total 990208K, used 989735K [0x0000000785000000, 0x00000007c1700000, 0x00000007d7000000)
  object space 990208K, 99% used [0x0000000785000000,0x00000007c1689fc8,0x00000007c1700000)
 PSPermGen       total 21504K, used 2833K [0x000000077aa00000, 0x000000077bf00000, 0x0000000785000000)
  object space 21504K, 13% used [0x000000077aa00000,0x000000077acc47f0,0x000000077bf00000)
GC Heap History (10 events):
Event: 14.114 GC heap after
Heap after GC invocations=28 (full 7):
 PSYoungGen      total 442368K, used 175762K [0x00000007d7000000, 0x0000000800000000, 0x0000000800000000)
  eden space 218624K, 0% used [0x00000007d7000000,0x00000007d7000000,0x00000007e4580000)
  from space 223744K, 78% used [0x00000007e4580000,0x00000007ef124860,0x00000007f2000000)
  to   space 223744K, 0% used [0x00000007f2580000,0x00000007f2580000,0x0000000800000000)
 ParOldGen       total 542208K, used 339095K [0x0000000785000000, 0x00000007a6180000, 0x00000007d7000000)
  object space 542208K, 62% used [0x0000000785000000,0x0000000799b25ff8,0x00000007a6180000)
 PSPermGen       total 21504K, used 2833K [0x000000077aa00000, 0x000000077bf00000, 0x0000000785000000)
  object space 21504K, 13% used [0x000000077aa00000,0x000000077acc47f0,0x000000077bf00000)
}
Event: 14.431 GC heap before
{Heap before GC invocations=29 (full 7):
 PSYoungGen      total 442368K, used 394386K [0x00000007d7000000, 0x0000000800000000, 0x0000000800000000)
  eden space 218624K, 100% used [0x00000007d7000000,0x00000007e4580000,0x00000007e4580000)
  from space 223744K, 78% used [0x00000007e4580000,0x00000007ef124860,0x00000007f2000000)
  to   space 223744K, 0% used [0x00000007f2580000,0x00000007f2580000,0x0000000800000000)
 ParOldGen       total 542208K, used 339095K [0x0000000785000000, 0x00000007a6180000, 0x00000007d7000000)
  object space 542208K, 62% used [0x0000000785000000,0x0000000799b25ff8,0x00000007a6180000)
 PSPermGen       total 21504K, used 2833K [0x000000077aa00000, 0x000000077bf00000, 0x0000000785000000)
  object space 21504K, 13% used [0x000000077aa00000,0x000000077acc47f0,0x000000077bf00000)
Event: 14.636 GC heap after
Heap after GC invocations=29 (full 7):
 PSYoungGen      total 448000K, used 175794K [0x00000007d7000000, 0x0000000800000000, 0x0000000800000000)
  eden space 224256K, 0% used [0x00000007d7000000,0x00000007d7000000,0x00000007e4b00000)
  from space 223744K, 78% used [0x00000007f2580000,0x00000007fd12c860,0x0000000800000000)
  to   space 223744K, 0% used [0x00000007e4b00000,0x00000007e4b00000,0x00000007f2580000)
 ParOldGen       total 542208K, used 514874K [0x0000000785000000, 0x00000007a6180000, 0x00000007d7000000)
  object space 542208K, 94% used [0x0000000785000000,0x00000007a46ce848,0x00000007a6180000)
 PSPermGen       total 21504K, used 2833K [0x000000077aa00000, 0x000000077bf00000, 0x0000000785000000)
  object space 21504K, 13% used [0x000000077aa00000,0x000000077acc47f0,0x000000077bf00000)
}
Event: 14.636 GC heap before
{Heap before GC invocations=30 (full 8):
 PSYoungGen      total 448000K, used 175794K [0x00000007d7000000, 0x0000000800000000, 0x0000000800000000)
  eden space 224256K, 0% used [0x00000007d7000000,0x00000007d7000000,0x00000007e4b00000)
  from space 223744K, 78% used [0x00000007f2580000,0x00000007fd12c860,0x0000000800000000)
  to   space 223744K, 0% used [0x00000007e4b00000,0x00000007e4b00000,0x00000007f2580000)
 ParOldGen       total 542208K, used 514874K [0x0000000785000000, 0x00000007a6180000, 0x00000007d7000000)
  object space 542208K, 94% used [0x0000000785000000,0x00000007a46ce848,0x00000007a6180000)
 PSPermGen       total 21504K, used 2833K [0x000000077aa00000, 0x000000077bf00000, 0x0000000785000000)
  object space 21504K, 13% used [0x000000077aa00000,0x000000077acc47f0,0x000000077bf00000)
Event: 19.277 GC heap after
Heap after GC invocations=30 (full 8):
 PSYoungGen      total 448000K, used 147352K [0x00000007d7000000, 0x0000000800000000, 0x0000000800000000)
  eden space 224256K, 0% used [0x00000007d7000000,0x00000007d7000000,0x00000007e4b00000)
  from space 223744K, 65% used [0x00000007f2580000,0x00000007fb5663c0,0x0000000800000000)
  to   space 223744K, 0% used [0x00000007e4b00000,0x00000007e4b00000,0x00000007f2580000)
 ParOldGen       total 990208K, used 542200K [0x0000000785000000, 0x00000007c1700000, 0x00000007d7000000)
  object space 990208K, 54% used [0x0000000785000000,0x00000007a617e3d0,0x00000007c1700000)
 PSPermGen       total 21504K, used 2833K [0x000000077aa00000, 0x000000077bf00000, 0x0000000785000000)
  object space 21504K, 13% used [0x000000077aa00000,0x000000077acc47f0,0x000000077bf00000)
}
Event: 19.615 GC heap before
{Heap before GC invocations=31 (full 8):
 PSYoungGen      total 448000K, used 371608K [0x00000007d7000000, 0x0000000800000000, 0x0000000800000000)
  eden space 224256K, 100% used [0x00000007d7000000,0x00000007e4b00000,0x00000007e4b00000)
  from space 223744K, 65% used [0x00000007f2580000,0x00000007fb5663c0,0x0000000800000000)
  to   space 223744K, 0% used [0x00000007e4b00000,0x00000007e4b00000,0x00000007f2580000)
 ParOldGen       total 990208K, used 542200K [0x0000000785000000, 0x00000007c1700000, 0x00000007d7000000)
  object space 990208K, 54% used [0x0000000785000000,0x00000007a617e3d0,0x00000007c1700000)
 PSPermGen       total 21504K, used 2833K [0x000000077aa00000, 0x000000077bf00000, 0x0000000785000000)
  object space 21504K, 13% used [0x000000077aa00000,0x000000077acc47f0,0x000000077bf00000)
Event: 19.868 GC heap after
Heap after GC invocations=31 (full 8):
 PSYoungGen      total 448000K, used 180706K [0x00000007d7000000, 0x0000000800000000, 0x0000000800000000)
  eden space 224256K, 0% used [0x00000007d7000000,0x00000007d7000000,0x00000007e4b00000)
  from space 223744K, 80% used [0x00000007e4b00000,0x00000007efb78890,0x00000007f2580000)
  to   space 223744K, 0% used [0x00000007f2580000,0x00000007f2580000,0x0000000800000000)
 ParOldGen       total 990208K, used 689802K [0x0000000785000000, 0x00000007c1700000, 0x00000007d7000000)
  object space 990208K, 69% used [0x0000000785000000,0x00000007af1a2aa0,0x00000007c1700000)
 PSPermGen       total 21504K, used 2833K [0x000000077aa00000, 0x000000077bf00000, 0x0000000785000000)
  object space 21504K, 13% used [0x000000077aa00000,0x000000077acc47f0,0x000000077bf00000)
}
Event: 20.197 GC heap before
{Heap before GC invocations=32 (full 8):
 PSYoungGen      total 448000K, used 404962K [0x00000007d7000000, 0x0000000800000000, 0x0000000800000000)
  eden space 224256K, 100% used [0x00000007d7000000,0x00000007e4b00000,0x00000007e4b00000)
  from space 223744K, 80% used [0x00000007e4b00000,0x00000007efb78890,0x00000007f2580000)
  to   space 223744K, 0% used [0x00000007f2580000,0x00000007f2580000,0x0000000800000000)
 ParOldGen       total 990208K, used 689802K [0x0000000785000000, 0x00000007c1700000, 0x00000007d7000000)
  object space 990208K, 69% used [0x0000000785000000,0x00000007af1a2aa0,0x00000007c1700000)
 PSPermGen       total 21504K, used 2833K [0x000000077aa00000, 0x000000077bf00000, 0x0000000785000000)
  object space 21504K, 13% used [0x000000077aa00000,0x000000077acc47f0,0x000000077bf00000)
Event: 20.435 GC heap after
Heap after GC invocations=32 (full 8):
 PSYoungGen      total 448000K, used 180418K [0x00000007d7000000, 0x0000000800000000, 0x0000000800000000)
  eden space 224256K, 0% used [0x00000007d7000000,0x00000007d7000000,0x00000007e4b00000)
  from space 223744K, 80% used [0x00000007f2580000,0x00000007fd5b0890,0x0000000800000000)
  to   space 223744K, 0% used [0x00000007e4b00000,0x00000007e4b00000,0x00000007f2580000)
 ParOldGen       total 990208K, used 870596K [0x0000000785000000, 0x00000007c1700000, 0x00000007d7000000)
  object space 990208K, 87% used [0x0000000785000000,0x00000007ba231330,0x00000007c1700000)
 PSPermGen       total 21504K, used 2833K [0x000000077aa00000, 0x000000077bf00000, 0x0000000785000000)
  object space 21504K, 13% used [0x000000077aa00000,0x000000077acc47f0,0x000000077bf00000)
}
Event: 20.435 GC heap before
{Heap before GC invocations=33 (full 9):
 PSYoungGen      total 448000K, used 180418K [0x00000007d7000000, 0x0000000800000000, 0x0000000800000000)
  eden space 224256K, 0% used [0x00000007d7000000,0x00000007d7000000,0x00000007e4b00000)
  from space 223744K, 80% used [0x00000007f2580000,0x00000007fd5b0890,0x0000000800000000)
  to   space 223744K, 0% used [0x00000007e4b00000,0x00000007e4b00000,0x00000007f2580000)
 ParOldGen       total 990208K, used 870596K [0x0000000785000000, 0x00000007c1700000, 0x00000007d7000000)
  object space 990208K, 87% used [0x0000000785000000,0x00000007ba231330,0x00000007c1700000)
 PSPermGen       total 21504K, used 2833K [0x000000077aa00000, 0x000000077bf00000, 0x0000000785000000)
  object space 21504K, 13% used [0x000000077aa00000,0x000000077acc47f0,0x000000077bf00000)

